<?xml version="1.0" encoding="UTF-8"?>
<!-- Generated by org.testng.reporters.JUnitReportReporter -->
<testsuite hostname="DESKTOP-ASBRVUU" failures="0" tests="2" name="org.testNG.test.testNg_practice.Ebay_sanity" time="22.797" errors="0" timestamp="10 Mar 2022 05:27:51 GMT">
  <testcase classname="org.testNG.test.testNg_practice.Ebay_sanity" name="sanity_test" time="13.225"/>
  <testcase classname="org.testNG.test.testNg_practice.Ebay_sanity" name="empty_search_test" time="9.572"/>
</testsuite> <!-- org.testNG.test.testNg_practice.Ebay_sanity -->
