<?xml version="1.0" encoding="UTF-8"?>
<!-- Generated by org.testng.reporters.JUnitReportReporter -->
<testsuite hostname="DESKTOP-ASBRVUU" failures="0" tests="1" name="org.testNG.test.testNg_practice.Asserts_methods" time="13.178" errors="0" timestamp="5 Mar 2022 13:07:58 GMT">
  <testcase classname="org.testNG.test.testNg_practice.Asserts_methods" name="assert_test_samples" time="13.178"/>
</testsuite> <!-- org.testNG.test.testNg_practice.Asserts_methods -->
