<?xml version="1.0" encoding="UTF-8"?>
<!-- Generated by org.testng.reporters.JUnitReportReporter -->
<testsuite hostname="DESKTOP-ASBRVUU" failures="0" tests="2" name="org.testNG.test.testNg_practice.Ebay_sanity1" time="42.491" errors="0" timestamp="10 Mar 2022 12:20:55 GMT">
  <testcase classname="org.testNG.test.testNg_practice.Ebay_sanity1" name="empty_search_test" time="24.076"/>
  <testcase classname="org.testNG.test.testNg_practice.Ebay_sanity1" name="sanity_test1" time="18.415"/>
</testsuite> <!-- org.testNG.test.testNg_practice.Ebay_sanity1 -->
